This job can be monitored from: https://scruffy.c3se.chalmers.se/d/alvis-job/alvis-job?var-jobid=1667598&from=1703031506000
basedir ./logs/
expname test
Found ckpts []
torch.Size([208, 208])
Begin
Epoch 0...
Evaluating the model...
Average Evaluation Loss:  tensor(0.0798)
PSNR:  10.97883657225191
[TRAIN] Step: 0 Loss: 0.10049454122781754
Saved checkpoints at ./logs/test/000000.tar
Epoch 1...
Epoch 2...
[TRAIN] Step: 100 Loss: 0.04499063268303871
Epoch 3...
Epoch 4...
[TRAIN] Step: 200 Loss: 0.03777836635708809
Epoch 5...
Epoch 6...
Evaluating the model...
Average Evaluation Loss:  tensor(0.0592)
PSNR:  12.275399214590985
[TRAIN] Step: 300 Loss: 0.01907319948077202
Saved checkpoints at ./logs/test/000300.tar
Epoch 7...
Epoch 8...
Epoch 9...
[TRAIN] Step: 400 Loss: 0.015610690228641033
Epoch 10...
Epoch 11...
[TRAIN] Step: 500 Loss: 0.014483598060905933
Saved checkpoints at ./logs/test/000500_latest.tar
Epoch 12...
Epoch 13...
Evaluating the model...
Average Evaluation Loss:  tensor(0.0474)
PSNR:  13.24538713798692
[TRAIN] Step: 600 Loss: 0.014217122457921505
Saved checkpoints at ./logs/test/000600.tar
Epoch 14...
Epoch 15...
[TRAIN] Step: 700 Loss: 0.01424202136695385
Epoch 16...
Epoch 17...
Epoch 18...
[TRAIN] Step: 800 Loss: 0.013897369615733624
Epoch 19...
Epoch 20...
Evaluating the model...
Average Evaluation Loss:  tensor(0.0462)
PSNR:  13.354944468237022
[TRAIN] Step: 900 Loss: 0.014132260344922543
Saved checkpoints at ./logs/test/000900.tar
Epoch 21...
Epoch 22...
[TRAIN] Step: 1000 Loss: 0.013707619160413742
Saved checkpoints at ./logs/test/001000_latest.tar
Epoch 23...
Epoch 24...
Epoch 25...
[TRAIN] Step: 1100 Loss: 0.01425569411367178
Epoch 26...
Epoch 27...
Evaluating the model...
Average Evaluation Loss:  tensor(0.0467)
PSNR:  13.304040756030094
[TRAIN] Step: 1200 Loss: 0.014108467847108841
Saved checkpoints at ./logs/test/001200.tar
Epoch 28...
Epoch 29...
[TRAIN] Step: 1300 Loss: 0.013608021661639214
