This job can be monitored from: https://scruffy.c3se.chalmers.se/d/alvis-job/alvis-job?var-jobid=1667605&from=1703034460000
basedir ./logs/
expname test
Found ckpts []
torch.Size([208, 208])
Begin
Epoch 0...
Evaluating the model...
Average Evaluation Loss:  tensor(0.0661)
PSNR:  11.796263517425423
[TRAIN] Step: 0 Loss: 0.08918356150388718
Saved checkpoints at ./logs/test/000000.tar
Epoch 1...
[TRAIN] Step: 100 Loss: 0.1230073943734169
Epoch 2...
Epoch 3...
[TRAIN] Step: 200 Loss: 0.12181363254785538
Epoch 4...
Evaluating the model...
Average Evaluation Loss:  tensor(0.0953)
PSNR:  10.20848210684941
[TRAIN] Step: 300 Loss: 0.11903718113899231
Epoch 5...
Epoch 6...
[TRAIN] Step: 400 Loss: 0.12250856310129166
Epoch 7...
Epoch 8...
[TRAIN] Step: 500 Loss: 0.12398742139339447
Saved checkpoints at ./logs/test/000500_latest.tar
Epoch 9...
Evaluating the model...
Average Evaluation Loss:  tensor(0.0953)
PSNR:  10.20848210684941
[TRAIN] Step: 600 Loss: 0.11903082579374313
Epoch 10...
Epoch 11...
[TRAIN] Step: 700 Loss: 0.12002619355916977
Epoch 12...
[TRAIN] Step: 800 Loss: 0.12173821032047272
Epoch 13...
Epoch 14...
Evaluating the model...
Average Evaluation Loss:  tensor(0.0953)
PSNR:  10.20848210684941
[TRAIN] Step: 900 Loss: 0.11801424622535706
Epoch 15...
Epoch 16...
[TRAIN] Step: 1000 Loss: 0.12342682480812073
Saved checkpoints at ./logs/test/001000_latest.tar
Epoch 17...
[TRAIN] Step: 1100 Loss: 0.11797387152910233
Epoch 18...
Epoch 19...
Evaluating the model...
Average Evaluation Loss:  tensor(0.0953)
PSNR:  10.20848210684941
[TRAIN] Step: 1200 Loss: 0.12170606851577759
Epoch 20...
[TRAIN] Step: 1300 Loss: 0.11954066157341003
Epoch 21...
Epoch 22...
[TRAIN] Step: 1400 Loss: 0.11886783689260483
Epoch 23...
Epoch 24...
Evaluating the model...
Average Evaluation Loss:  tensor(0.0953)
PSNR:  10.20848210684941
[TRAIN] Step: 1500 Loss: 0.11894924193620682
Saved checkpoints at ./logs/test/001500_latest.tar
Epoch 25...
[TRAIN] Step: 1600 Loss: 0.12028776109218597
Epoch 26...
Epoch 27...
[TRAIN] Step: 1700 Loss: 0.12280027568340302
Epoch 28...
Epoch 29...
Evaluating the model...
Average Evaluation Loss:  tensor(0.0953)
PSNR:  10.20848210684941
[TRAIN] Step: 1800 Loss: 0.12236613780260086
Epoch 30...
[TRAIN] Step: 1900 Loss: 0.11565620452165604
Epoch 31...
Epoch 32...
[TRAIN] Step: 2000 Loss: 0.12592898309230804
Saved checkpoints at ./logs/test/002000_latest.tar
Epoch 33...
Evaluating the model...
Average Evaluation Loss:  tensor(0.0953)
PSNR:  10.20848210684941
[TRAIN] Step: 2100 Loss: 0.12096437811851501
Epoch 34...
Epoch 35...
[TRAIN] Step: 2200 Loss: 0.11442834138870239
Epoch 36...
Epoch 37...
[TRAIN] Step: 2300 Loss: 0.11852893978357315
Epoch 38...
Evaluating the model...
Average Evaluation Loss:  tensor(0.0953)
PSNR:  10.20848210684941
[TRAIN] Step: 2400 Loss: 0.119341641664505
Epoch 39...
Epoch 40...
[TRAIN] Step: 2500 Loss: 0.12271422892808914
Saved checkpoints at ./logs/test/002500_latest.tar
Epoch 41...
[TRAIN] Step: 2600 Loss: 0.11815134435892105
Epoch 42...
Epoch 43...
Evaluating the model...
Average Evaluation Loss:  tensor(0.0953)
PSNR:  10.20848210684941
[TRAIN] Step: 2700 Loss: 0.12113852053880692
Epoch 44...
Epoch 45...
[TRAIN] Step: 2800 Loss: 0.12139198929071426
Epoch 46...
[TRAIN] Step: 2900 Loss: 0.11816753447055817
Epoch 47...
Epoch 48...
Evaluating the model...
Average Evaluation Loss:  tensor(0.0953)
PSNR:  10.20848210684941
[TRAIN] Step: 3000 Loss: 0.11803276836872101
Saved checkpoints at ./logs/test/003000_latest.tar
Epoch 49...
Epoch 50...
[TRAIN] Step: 3100 Loss: 0.1183977723121643
Epoch 51...
[TRAIN] Step: 3200 Loss: 0.12109515815973282
Epoch 52...
Epoch 53...
Evaluating the model...
Average Evaluation Loss:  tensor(0.0953)
PSNR:  10.20848210684941
[TRAIN] Step: 3300 Loss: 0.12557391822338104
Epoch 54...
[TRAIN] Step: 3400 Loss: 0.12231995165348053
Epoch 55...
Epoch 56...
[TRAIN] Step: 3500 Loss: 0.11814241111278534
Saved checkpoints at ./logs/test/003500_latest.tar
Epoch 57...
Epoch 58...
Evaluating the model...
Average Evaluation Loss:  tensor(0.0953)
PSNR:  10.20848210684941
[TRAIN] Step: 3600 Loss: 0.1206405758857727
Epoch 59...
[TRAIN] Step: 3700 Loss: 0.11984352767467499
Epoch 60...
Epoch 61...
[TRAIN] Step: 3800 Loss: 0.12042026966810226
Epoch 62...
Evaluating the model...
Average Evaluation Loss:  tensor(0.0953)
PSNR:  10.20848210684941
[TRAIN] Step: 3900 Loss: 0.12006299197673798
Epoch 63...
Epoch 64...
[TRAIN] Step: 4000 Loss: 0.11780697852373123
Saved checkpoints at ./logs/test/004000_latest.tar
Epoch 65...
Epoch 66...
[TRAIN] Step: 4100 Loss: 0.11871162056922913
Epoch 67...
Evaluating the model...
Average Evaluation Loss:  tensor(0.0953)
PSNR:  10.20848210684941
[TRAIN] Step: 4200 Loss: 0.11850818991661072
Epoch 68...
Epoch 69...
[TRAIN] Step: 4300 Loss: 0.11304788291454315
Epoch 70...
[TRAIN] Step: 4400 Loss: 0.11892443895339966
Epoch 71...
Epoch 72...
Evaluating the model...
Average Evaluation Loss:  tensor(0.0953)
PSNR:  10.20848210684941
[TRAIN] Step: 4500 Loss: 0.1211010068655014
Saved checkpoints at ./logs/test/004500_latest.tar
Epoch 73...
Epoch 74...
[TRAIN] Step: 4600 Loss: 0.11837411671876907
Epoch 75...
[TRAIN] Step: 4700 Loss: 0.12062561511993408
Epoch 76...
Epoch 77...
Evaluating the model...
Average Evaluation Loss:  tensor(0.0953)
PSNR:  10.20848210684941
[TRAIN] Step: 4800 Loss: 0.11744648218154907
Epoch 78...
Epoch 79...
[TRAIN] Step: 4900 Loss: 0.11943314224481583
Epoch 80...
[TRAIN] Step: 5000 Loss: 0.12273295223712921
Saved checkpoints at ./logs/test/005000_latest.tar
Epoch 81...
Epoch 82...
Evaluating the model...
Average Evaluation Loss:  tensor(0.0953)
PSNR:  10.20848210684941
[TRAIN] Step: 5100 Loss: 0.11814576387405396
Epoch 83...
[TRAIN] Step: 5200 Loss: 0.12162736058235168
Epoch 84...
Epoch 85...
[TRAIN] Step: 5300 Loss: 0.12156335264444351
Epoch 86...
Epoch 87...
Evaluating the model...
Average Evaluation Loss:  tensor(0.0953)
PSNR:  10.20848210684941
[TRAIN] Step: 5400 Loss: 0.11822651326656342
Epoch 88...
[TRAIN] Step: 5500 Loss: 0.12237769365310669
Saved checkpoints at ./logs/test/005500_latest.tar
Epoch 89...
Epoch 90...
[TRAIN] Step: 5600 Loss: 0.12150107324123383
Epoch 91...
Evaluating the model...
Average Evaluation Loss:  tensor(0.0953)
PSNR:  10.20848210684941
[TRAIN] Step: 5700 Loss: 0.11969467997550964
Epoch 92...
Epoch 93...
[TRAIN] Step: 5800 Loss: 0.1212306022644043
Epoch 94...
Epoch 95...
[TRAIN] Step: 5900 Loss: 0.11689531803131104
Epoch 96...
Evaluating the model...
Average Evaluation Loss:  tensor(0.0953)
PSNR:  10.20848210684941
[TRAIN] Step: 6000 Loss: 0.11272567510604858
Saved checkpoints at ./logs/test/006000_latest.tar
Epoch 97...
Epoch 98...
[TRAIN] Step: 6100 Loss: 0.1205528974533081
Epoch 99...
