This job can be monitored from: https://scruffy.c3se.chalmers.se/d/alvis-job/alvis-job?var-jobid=1672221&from=1703124993000
Number of parameters:  1141508
basedir ./logs/
expname test
Found ckpts []
Begin
Epoch 0...
Evaluating the model...
Average Evaluation Loss:  tensor(0.0953)
PSNR:  10.208485162229902
[TRAIN] Step: 0 Loss: 0.18855230510234833
Saved checkpoints at ./logs/test/000000.tar
Evaluating the model...
Average Evaluation Loss:  tensor(0.0953)
PSNR:  10.211284793926152
Saved checkpoints at ./logs/test/000010.tar
Evaluating the model...
Average Evaluation Loss:  tensor(0.0951)
PSNR:  10.216740836821678
Saved checkpoints at ./logs/test/000020.tar
Evaluating the model...
Average Evaluation Loss:  tensor(0.0952)
PSNR:  10.214115805110431
Saved checkpoints at ./logs/test/000030.tar
Evaluating the model...
Average Evaluation Loss:  tensor(0.0952)
PSNR:  10.214441467646802
Saved checkpoints at ./logs/test/000040.tar
Epoch 1...
Evaluating the model...
Average Evaluation Loss:  tensor(0.0952)
PSNR:  10.214273874168446
Saved checkpoints at ./logs/test/000050.tar
Evaluating the model...
Average Evaluation Loss:  tensor(0.0952)
PSNR:  10.214389795134247
Saved checkpoints at ./logs/test/000060.tar
Evaluating the model...
Average Evaluation Loss:  tensor(0.0952)
PSNR:  10.214793672990378
Saved checkpoints at ./logs/test/000070.tar
Evaluating the model...
Average Evaluation Loss:  tensor(0.0952)
PSNR:  10.214478522656037
Saved checkpoints at ./logs/test/000080.tar
Epoch 2...
Evaluating the model...
Average Evaluation Loss:  tensor(0.0952)
PSNR:  10.214250758334147
Saved checkpoints at ./logs/test/000090.tar
Evaluating the model...
Average Evaluation Loss:  tensor(0.0952)
PSNR:  10.213476448976326
[TRAIN] Step: 100 Loss: 0.01717926189303398
Evaluating the model...
Average Evaluation Loss:  tensor(0.0952)
PSNR:  10.21414877818098
Evaluating the model...
Average Evaluation Loss:  tensor(0.0952)
PSNR:  10.214430929123939
Evaluating the model...
Average Evaluation Loss:  tensor(0.0952)
PSNR:  10.214539715106557
Saved checkpoints at ./logs/test/000130.tar
Epoch 3...
Evaluating the model...
Average Evaluation Loss:  tensor(0.0952)
PSNR:  10.214221863714288
Evaluating the model...
Average Evaluation Loss:  tensor(0.0952)
PSNR:  10.213810901050913
Saved checkpoints at ./logs/test/000150.tar
Evaluating the model...
Average Evaluation Loss:  tensor(0.0952)
PSNR:  10.21442888941279
Evaluating the model...
Average Evaluation Loss:  tensor(0.0952)
PSNR:  10.213923410536161
Saved checkpoints at ./logs/test/000170.tar
Epoch 4...
Evaluating the model...
Average Evaluation Loss:  tensor(0.0952)
PSNR:  10.214198408223066
Saved checkpoints at ./logs/test/000180.tar
Evaluating the model...
Average Evaluation Loss:  tensor(0.0952)
PSNR:  10.213465572918508
Evaluating the model...
Average Evaluation Loss:  tensor(0.0952)
PSNR:  10.212811360161588
[TRAIN] Step: 200 Loss: 0.015147223137319088
Evaluating the model...
Average Evaluation Loss:  tensor(0.0952)
PSNR:  10.213340500211181
Epoch 5...
Evaluating the model...
Average Evaluation Loss:  tensor(0.0952)
PSNR:  10.213807841921323
Evaluating the model...
Average Evaluation Loss:  tensor(0.0952)
PSNR:  10.214322825753122
Evaluating the model...
Average Evaluation Loss:  tensor(0.0952)
PSNR:  10.213486645305272
Saved checkpoints at ./logs/test/000240.tar
Evaluating the model...
Average Evaluation Loss:  tensor(0.0952)
PSNR:  10.213968619095837
Evaluating the model...
Average Evaluation Loss:  tensor(0.0952)
PSNR:  10.213212372395553
Saved checkpoints at ./logs/test/000260.tar
Epoch 6...
Evaluating the model...
Average Evaluation Loss:  tensor(0.0952)
PSNR:  10.213732723970804
Saved checkpoints at ./logs/test/000270.tar
Evaluating the model...
Average Evaluation Loss:  tensor(0.0952)
PSNR:  10.213549523196082
Evaluating the model...
Average Evaluation Loss:  tensor(0.0952)
PSNR:  10.21344823925765
Evaluating the model...
Average Evaluation Loss:  tensor(0.0952)
PSNR:  10.21359166888654
[TRAIN] Step: 300 Loss: 0.01304609514772892
Saved checkpoints at ./logs/test/000300.tar
Epoch 7...
Evaluating the model...
Average Evaluation Loss:  tensor(0.0952)
PSNR:  10.213402696243124
Evaluating the model...
Average Evaluation Loss:  tensor(0.0952)
PSNR:  10.213665764721046
Evaluating the model...
Average Evaluation Loss:  tensor(0.0952)
PSNR:  10.21366542482901
Evaluating the model...
Average Evaluation Loss:  tensor(0.0952)
PSNR:  10.213676301387336
Evaluating the model...
Average Evaluation Loss:  tensor(0.0952)
PSNR:  10.21358860991137
Epoch 8...
Evaluating the model...
Average Evaluation Loss:  tensor(0.0952)
PSNR:  10.213570595990184
Evaluating the model...
Average Evaluation Loss:  tensor(0.0952)
PSNR:  10.213724566443528
Evaluating the model...
Average Evaluation Loss:  tensor(0.0952)
PSNR:  10.21339182037
Evaluating the model...
Average Evaluation Loss:  tensor(0.0952)
PSNR:  10.21379764483825
Epoch 9...
Evaluating the model...
Average Evaluation Loss:  tensor(0.0952)
PSNR:  10.213089685907956
[TRAIN] Step: 400 Loss: 0.014766069129109383
Evaluating the model...
Average Evaluation Loss:  tensor(0.0952)
PSNR:  10.213695335429946
Evaluating the model...
Average Evaluation Loss:  tensor(0.0952)
PSNR:  10.213544424954804
Evaluating the model...
Average Evaluation Loss:  tensor(0.0952)
PSNR:  10.213723546753695
Epoch 10...
Evaluating the model...
Average Evaluation Loss:  tensor(0.0952)
PSNR:  10.213646730808037
Evaluating the model...
Average Evaluation Loss:  tensor(0.0952)
PSNR:  10.214022666036659
Evaluating the model...
Average Evaluation Loss:  tensor(0.0952)
PSNR:  10.213704852482534
Evaluating the model...
Average Evaluation Loss:  tensor(0.0952)
PSNR:  10.213211692682474
Evaluating the model...
Average Evaluation Loss:  tensor(0.0952)
PSNR:  10.213607303682169
Epoch 11...
Evaluating the model...
Average Evaluation Loss:  tensor(0.0952)
PSNR:  10.213701793427642
Evaluating the model...
Average Evaluation Loss:  tensor(0.0952)
PSNR:  10.213345598213074
[TRAIN] Step: 500 Loss: 0.01428140327334404
Saved checkpoints at ./logs/test/000500_latest.tar
Evaluating the model...
Average Evaluation Loss:  tensor(0.0952)
PSNR:  10.21338672231385
Evaluating the model...
Average Evaluation Loss:  tensor(0.0952)
PSNR:  10.213909814068911
Epoch 12...
Evaluating the model...
Average Evaluation Loss:  tensor(0.0952)
PSNR:  10.213660666343308
Evaluating the model...
Average Evaluation Loss:  tensor(0.0952)
PSNR:  10.213518593957648
Evaluating the model...
Average Evaluation Loss:  tensor(0.0952)
PSNR:  10.21375957593965
Evaluating the model...
Average Evaluation Loss:  tensor(0.0952)
PSNR:  10.214104587524943
Saved checkpoints at ./logs/test/000560.tar
Evaluating the model...
Average Evaluation Loss:  tensor(0.0952)
PSNR:  10.213166492001413
Epoch 13...
Evaluating the model...
Average Evaluation Loss:  tensor(0.0952)
PSNR:  10.214070595018583
Evaluating the model...
Average Evaluation Loss:  tensor(0.0952)
PSNR:  10.213511456472366
Evaluating the model...
Average Evaluation Loss:  tensor(0.0952)
PSNR:  10.21369669500761
[TRAIN] Step: 600 Loss: 0.013422396034002304
Evaluating the model...
Average Evaluation Loss:  tensor(0.0952)
PSNR:  10.21376569413299
Epoch 14...
Evaluating the model...
Average Evaluation Loss:  tensor(0.0952)
PSNR:  10.213774871439163
Saved checkpoints at ./logs/test/000620.tar
Evaluating the model...
Average Evaluation Loss:  tensor(0.0952)
PSNR:  10.213793566011722
Saved checkpoints at ./logs/test/000630.tar
Evaluating the model...
Average Evaluation Loss:  tensor(0.0952)
PSNR:  10.213764334533726
Evaluating the model...
Average Evaluation Loss:  tensor(0.0952)
PSNR:  10.21378642807452
Epoch 15...
Evaluating the model...
Average Evaluation Loss:  tensor(0.0952)
PSNR:  10.213760595637941
Evaluating the model...
Average Evaluation Loss:  tensor(0.0952)
PSNR:  10.2137646744335
Evaluating the model...
Average Evaluation Loss:  tensor(0.0952)
PSNR:  10.213793566011722
Evaluating the model...
Average Evaluation Loss:  tensor(0.0952)
PSNR:  10.213777250743927
Evaluating the model...
Average Evaluation Loss:  tensor(0.0952)
PSNR:  10.21377929014905
[TRAIN] Step: 700 Loss: 0.012855109758675098
Epoch 16...
Evaluating the model...
Average Evaluation Loss:  tensor(0.0952)
PSNR:  10.213785408370164
Evaluating the model...
Average Evaluation Loss:  tensor(0.0952)
PSNR:  10.213803423182384
Evaluating the model...
Average Evaluation Loss:  tensor(0.0952)
PSNR:  10.213804782793884
Evaluating the model...
Average Evaluation Loss:  tensor(0.0952)
PSNR:  10.213790506894343
Epoch 17...
Evaluating the model...
Average Evaluation Loss:  tensor(0.0952)
PSNR:  10.213807841921323
Evaluating the model...
Average Evaluation Loss:  tensor(0.0952)
PSNR:  10.213778270446369
Evaluating the model...
Average Evaluation Loss:  tensor(0.0952)
PSNR:  10.213794585717995
Evaluating the model...
Average Evaluation Loss:  tensor(0.0952)
PSNR:  10.21375787644303
Evaluating the model...
Average Evaluation Loss:  tensor(0.0952)
PSNR:  10.213798664545479
Epoch 18...
Evaluating the model...
Average Evaluation Loss:  tensor(0.0952)
PSNR:  10.213794585717995
[TRAIN] Step: 800 Loss: 0.0132390595972538
Evaluating the model...
Average Evaluation Loss:  tensor(0.0952)
PSNR:  10.213785748271588
Evaluating the model...
Average Evaluation Loss:  tensor(0.0952)
PSNR:  10.213793566011722
Evaluating the model...
Average Evaluation Loss:  tensor(0.0952)
PSNR:  10.213768753232893
Epoch 19...
Evaluating the model...
Average Evaluation Loss:  tensor(0.0952)
PSNR:  10.213770792634024
Evaluating the model...
Average Evaluation Loss:  tensor(0.0952)
PSNR:  10.213788467483953
Evaluating the model...
Average Evaluation Loss:  tensor(0.0952)
PSNR:  10.213788467483953
Evaluating the model...
Average Evaluation Loss:  tensor(0.0952)
PSNR:  10.213794585717995
Epoch 20...
Evaluating the model...
Average Evaluation Loss:  tensor(0.0952)
PSNR:  10.213773851737518
Evaluating the model...
Average Evaluation Loss:  tensor(0.0952)
PSNR:  10.21378234925853
Evaluating the model...
Average Evaluation Loss:  tensor(0.0952)
PSNR:  10.213785408370164
[TRAIN] Step: 900 Loss: 0.013074192218482494
Evaluating the model...
Average Evaluation Loss:  tensor(0.0952)
PSNR:  10.21376977293334
Evaluating the model...
Average Evaluation Loss:  tensor(0.0952)
PSNR:  10.21375651684621
Epoch 21...
Evaluating the model...
Average Evaluation Loss:  tensor(0.0952)
PSNR:  10.213805462599797
Evaluating the model...
Average Evaluation Loss:  tensor(0.0952)
PSNR:  10.213760595637941
Evaluating the model...
Average Evaluation Loss:  tensor(0.0952)
PSNR:  10.213800703960656
Evaluating the model...
Average Evaluation Loss:  tensor(0.0952)
PSNR:  10.21378234925853
Epoch 22...
Evaluating the model...
Average Evaluation Loss:  tensor(0.0952)
PSNR:  10.213760595637941
Evaluating the model...
Average Evaluation Loss:  tensor(0.0952)
PSNR:  10.213819398644418
Evaluating the model...
Average Evaluation Loss:  tensor(0.0952)
PSNR:  10.21379254630569
Evaluating the model...
Average Evaluation Loss:  tensor(0.0952)
PSNR:  10.21378234925853
[TRAIN] Step: 1000 Loss: 0.013692588545382023
Saved checkpoints at ./logs/test/001000_latest.tar
Evaluating the model...
Average Evaluation Loss:  tensor(0.0952)
PSNR:  10.213784388666047
Epoch 23...
Evaluating the model...
Average Evaluation Loss:  tensor(0.0952)
PSNR:  10.21375957593965
Evaluating the model...
Average Evaluation Loss:  tensor(0.0952)
PSNR:  10.213781329555129
Evaluating the model...
Average Evaluation Loss:  tensor(0.0952)
PSNR:  10.213796285228982
Evaluating the model...
Average Evaluation Loss:  tensor(0.0952)
PSNR:  10.213777250743927
Epoch 24...
Evaluating the model...
Average Evaluation Loss:  tensor(0.0952)
PSNR:  10.213797304935891
Evaluating the model...
Average Evaluation Loss:  tensor(0.0952)
PSNR:  10.21379764483825
Evaluating the model...
Average Evaluation Loss:  tensor(0.0952)
PSNR:  10.213760255738485
Saved checkpoints at ./logs/test/001080.tar
Evaluating the model...
Average Evaluation Loss:  tensor(0.0952)
PSNR:  10.213803423182384
Epoch 25...
Evaluating the model...
Average Evaluation Loss:  tensor(0.0952)
PSNR:  10.213768753232893
[TRAIN] Step: 1100 Loss: 0.013179197907447815
Evaluating the model...
Average Evaluation Loss:  tensor(0.0952)
PSNR:  10.213790846796167
Evaluating the model...
Average Evaluation Loss:  tensor(0.0952)
PSNR:  10.21375787644303
Evaluating the model...
Average Evaluation Loss:  tensor(0.0952)
PSNR:  10.213785408370164
Evaluating the model...
Average Evaluation Loss:  tensor(0.0952)
PSNR:  10.213799684252947
Epoch 26...
Evaluating the model...
Average Evaluation Loss:  tensor(0.0952)
PSNR:  10.213794585717995
Evaluating the model...
Average Evaluation Loss:  tensor(0.0952)
PSNR:  10.213781329555129
Evaluating the model...
Average Evaluation Loss:  tensor(0.0952)
PSNR:  10.213753457754928
Evaluating the model...
Average Evaluation Loss:  tensor(0.0952)
PSNR:  10.213781329555129
Epoch 27...
Evaluating the model...
Average Evaluation Loss:  tensor(0.0952)
PSNR:  10.213789827090773
Evaluating the model...
Average Evaluation Loss:  tensor(0.0952)
PSNR:  10.213796625131257
[TRAIN] Step: 1200 Loss: 0.012895813211798668
Evaluating the model...
Average Evaluation Loss:  tensor(0.0952)
PSNR:  10.213763654734255
Evaluating the model...
Average Evaluation Loss:  tensor(0.0952)
PSNR:  10.213768413332797
Evaluating the model...
Average Evaluation Loss:  tensor(0.0952)
PSNR:  10.213813280375417
Epoch 28...
Evaluating the model...
Average Evaluation Loss:  tensor(0.0952)
PSNR:  10.213767733532686
Evaluating the model...
Average Evaluation Loss:  tensor(0.0952)
PSNR:  10.213777250743927
Evaluating the model...
Average Evaluation Loss:  tensor(0.0952)
PSNR:  10.213784388666047
Evaluating the model...
Average Evaluation Loss:  tensor(0.0952)
PSNR:  10.213773851737518
Epoch 29...
Evaluating the model...
Average Evaluation Loss:  tensor(0.0952)
PSNR:  10.213794585717995
Evaluating the model...
Average Evaluation Loss:  tensor(0.0952)
PSNR:  10.213753457754928
Evaluating the model...
Average Evaluation Loss:  tensor(0.0952)
PSNR:  10.213761615336471
[TRAIN] Step: 1300 Loss: 0.01320740021765232
Evaluating the model...
Average Evaluation Loss:  tensor(0.0952)
PSNR:  10.213777590644714
Epoch 30...
Evaluating the model...
Average Evaluation Loss:  tensor(0.0952)
PSNR:  10.213771472434615
Evaluating the model...
Average Evaluation Loss:  tensor(0.0952)
PSNR:  10.21379526552231
Evaluating the model...
Average Evaluation Loss:  tensor(0.0952)
PSNR:  10.213772832036113
Evaluating the model...
Average Evaluation Loss:  tensor(0.0952)
PSNR:  10.213777590644714
Evaluating the model...
Average Evaluation Loss:  tensor(0.0952)
PSNR:  10.213793566011722
Epoch 31...
Evaluating the model...
Average Evaluation Loss:  tensor(0.0952)
PSNR:  10.21383163520827
Evaluating the model...
Average Evaluation Loss:  tensor(0.0952)
PSNR:  10.213782689159716
Evaluating the model...
Average Evaluation Loss:  tensor(0.0952)
PSNR:  10.213760595637941
Evaluating the model...
Average Evaluation Loss:  tensor(0.0952)
PSNR:  10.21378234925853
[TRAIN] Step: 1400 Loss: 0.013215972110629082
Epoch 32...
Evaluating the model...
Average Evaluation Loss:  tensor(0.0952)
PSNR:  10.213783368962169
Evaluating the model...
Average Evaluation Loss:  tensor(0.0952)
PSNR:  10.213784388666047
Evaluating the model...
Average Evaluation Loss:  tensor(0.0952)
PSNR:  10.213794585717995
Evaluating the model...
Average Evaluation Loss:  tensor(0.0952)
PSNR:  10.213781669456237
Evaluating the model...
Average Evaluation Loss:  tensor(0.0952)
PSNR:  10.213778610347237
Epoch 33...
Evaluating the model...
Average Evaluation Loss:  tensor(0.0952)
PSNR:  10.213766373932781
Evaluating the model...
Average Evaluation Loss:  tensor(0.0952)
PSNR:  10.213783368962169
Evaluating the model...
Average Evaluation Loss:  tensor(0.0952)
PSNR:  10.213815319797458
Evaluating the model...
Average Evaluation Loss:  tensor(0.0952)
PSNR:  10.213795605424508
Epoch 34...
Evaluating the model...
Average Evaluation Loss:  tensor(0.0952)
PSNR:  10.21378030985197
[TRAIN] Step: 1500 Loss: 0.013106459751725197
Saved checkpoints at ./logs/test/001500_latest.tar
Evaluating the model...
Average Evaluation Loss:  tensor(0.0952)
PSNR:  10.21376977293334
Evaluating the model...
Average Evaluation Loss:  tensor(0.0952)
PSNR:  10.213775891141045
Evaluating the model...
Average Evaluation Loss:  tensor(0.0952)
PSNR:  10.213776570942432
Epoch 35...
Evaluating the model...
Average Evaluation Loss:  tensor(0.0952)
PSNR:  10.213810901050913
Evaluating the model...
Average Evaluation Loss:  tensor(0.0952)
PSNR:  10.213761615336471
Evaluating the model...
Average Evaluation Loss:  tensor(0.0952)
PSNR:  10.213780649752998
Evaluating the model...
Average Evaluation Loss:  tensor(0.0952)
PSNR:  10.21379254630569
Evaluating the model...
Average Evaluation Loss:  tensor(0.0952)
PSNR:  10.2137646744335
Epoch 36...
Evaluating the model...
Average Evaluation Loss:  tensor(0.0952)
PSNR:  10.213781669456237
Evaluating the model...
Average Evaluation Loss:  tensor(0.0952)
PSNR:  10.213781669456237
[TRAIN] Step: 1600 Loss: 0.013629615306854248
Evaluating the model...
Average Evaluation Loss:  tensor(0.0952)
PSNR:  10.213752777957158
Evaluating the model...
Average Evaluation Loss:  tensor(0.0952)
PSNR:  10.213775891141045
Epoch 37...
Evaluating the model...
Average Evaluation Loss:  tensor(0.0952)
PSNR:  10.213775891141045
Evaluating the model...
Average Evaluation Loss:  tensor(0.0952)
PSNR:  10.213785408370164
Evaluating the model...
Average Evaluation Loss:  tensor(0.0952)
PSNR:  10.213774871439163
Evaluating the model...
Average Evaluation Loss:  tensor(0.0952)
PSNR:  10.213767733532686
Evaluating the model...
Average Evaluation Loss:  tensor(0.0952)
PSNR:  10.213773851737518
Epoch 38...
Evaluating the model...
Average Evaluation Loss:  tensor(0.0952)
PSNR:  10.213777250743927
Evaluating the model...
Average Evaluation Loss:  tensor(0.0952)
PSNR:  10.213744280494005
Evaluating the model...
Average Evaluation Loss:  tensor(0.0952)
PSNR:  10.213761275436934
[TRAIN] Step: 1700 Loss: 0.012316185981035233
Evaluating the model...
Average Evaluation Loss:  tensor(0.0952)
PSNR:  10.213757536543785
Epoch 39...
Evaluating the model...
Average Evaluation Loss:  tensor(0.0952)
PSNR:  10.213787447779117
Evaluating the model...
Average Evaluation Loss:  tensor(0.0952)
PSNR:  10.21378642807452
Evaluating the model...
Average Evaluation Loss:  tensor(0.0952)
PSNR:  10.21377929014905
Evaluating the model...
Average Evaluation Loss:  tensor(0.0952)
PSNR:  10.213772832036113
Epoch 40...
Evaluating the model...
Average Evaluation Loss:  tensor(0.0952)
PSNR:  10.21378642807452
Evaluating the model...
Average Evaluation Loss:  tensor(0.0952)
PSNR:  10.213773851737518
Evaluating the model...
Average Evaluation Loss:  tensor(0.0952)
PSNR:  10.213790506894343
Evaluating the model...
Average Evaluation Loss:  tensor(0.0952)
PSNR:  10.21377929014905
Evaluating the model...
Average Evaluation Loss:  tensor(0.0952)
PSNR:  10.213774871439163
[TRAIN] Step: 1800 Loss: 0.012206478044390678
Epoch 41...
Evaluating the model...
Average Evaluation Loss:  tensor(0.0952)
PSNR:  10.213775891141045
Evaluating the model...
Average Evaluation Loss:  tensor(0.0952)
PSNR:  10.213816339508838
Evaluating the model...
Average Evaluation Loss:  tensor(0.0952)
PSNR:  10.213789827090773
Evaluating the model...
Average Evaluation Loss:  tensor(0.0952)
PSNR:  10.213775891141045
Epoch 42...
Evaluating the model...
Average Evaluation Loss:  tensor(0.0952)
PSNR:  10.213805462599797
Evaluating the model...
Average Evaluation Loss:  tensor(0.0952)
PSNR:  10.213796285228982
Evaluating the model...
Average Evaluation Loss:  tensor(0.0952)
PSNR:  10.213785748271588
Evaluating the model...
Average Evaluation Loss:  tensor(0.0952)
PSNR:  10.213802743376792
Evaluating the model...
Average Evaluation Loss:  tensor(0.0952)
PSNR:  10.21379764483825
Epoch 43...
Evaluating the model...
Average Evaluation Loss:  tensor(0.0952)
PSNR:  10.21376569413299
[TRAIN] Step: 1900 Loss: 0.013133574277162552
Evaluating the model...
Average Evaluation Loss:  tensor(0.0952)
PSNR:  10.213767733532686
Evaluating the model...
Average Evaluation Loss:  tensor(0.0952)
PSNR:  10.213763654734255
Evaluating the model...
Average Evaluation Loss:  tensor(0.0952)
PSNR:  10.21379764483825
Epoch 44...
Evaluating the model...
Average Evaluation Loss:  tensor(0.0952)
PSNR:  10.213772832036113
Evaluating the model...
Average Evaluation Loss:  tensor(0.0952)
PSNR:  10.213773851737518
Evaluating the model...
Average Evaluation Loss:  tensor(0.0952)
PSNR:  10.213773511837022
Evaluating the model...
Average Evaluation Loss:  tensor(0.0952)
PSNR:  10.213791526599895
Epoch 45...
Evaluating the model...
Average Evaluation Loss:  tensor(0.0952)
PSNR:  10.213787447779117
Evaluating the model...
Average Evaluation Loss:  tensor(0.0952)
PSNR:  10.213740881513402
Evaluating the model...
Average Evaluation Loss:  tensor(0.0952)
PSNR:  10.213773851737518
[TRAIN] Step: 2000 Loss: 0.012638921849429607
Saved checkpoints at ./logs/test/002000_latest.tar
Evaluating the model...
Average Evaluation Loss:  tensor(0.0952)
PSNR:  10.213795605424508
Evaluating the model...
Average Evaluation Loss:  tensor(0.0952)
PSNR:  10.213774871439163
Epoch 46...
Evaluating the model...
Average Evaluation Loss:  tensor(0.0952)
PSNR:  10.213770792634024
Evaluating the model...
Average Evaluation Loss:  tensor(0.0952)
PSNR:  10.21378642807452
Evaluating the model...
Average Evaluation Loss:  tensor(0.0952)
PSNR:  10.21378234925853
Evaluating the model...
Average Evaluation Loss:  tensor(0.0952)
PSNR:  10.2137646744335
Epoch 47...
Evaluating the model...
Average Evaluation Loss:  tensor(0.0952)
PSNR:  10.213772832036113
Evaluating the model...
Average Evaluation Loss:  tensor(0.0952)
PSNR:  10.213794585717995
Evaluating the model...
Average Evaluation Loss:  tensor(0.0952)
PSNR:  10.213777590644714
Evaluating the model...
Average Evaluation Loss:  tensor(0.0952)
PSNR:  10.213774871439163
[TRAIN] Step: 2100 Loss: 0.013198012486100197
Evaluating the model...
Average Evaluation Loss:  tensor(0.0952)
PSNR:  10.213785408370164
Epoch 48...
Evaluating the model...
Average Evaluation Loss:  tensor(0.0952)
PSNR:  10.213796625131257
Evaluating the model...
Average Evaluation Loss:  tensor(0.0952)
PSNR:  10.213788807385617
Evaluating the model...
Average Evaluation Loss:  tensor(0.0952)
PSNR:  10.213798664545479
Evaluating the model...
Average Evaluation Loss:  tensor(0.0952)
PSNR:  10.21378642807452
Epoch 49...
Evaluating the model...
Average Evaluation Loss:  tensor(0.0952)
PSNR:  10.213785408370164
Evaluating the model...
Average Evaluation Loss:  tensor(0.0952)
PSNR:  10.21380376308522
Evaluating the model...
Average Evaluation Loss:  tensor(0.0952)
PSNR:  10.213766713832717
Evaluating the model...
Average Evaluation Loss:  tensor(0.0952)
PSNR:  10.21379764483825
Epoch 50...
Evaluating the model...
Average Evaluation Loss:  tensor(0.0952)
PSNR:  10.213781329555129
[TRAIN] Step: 2200 Loss: 0.013208016753196716
Evaluating the model...
Average Evaluation Loss:  tensor(0.0952)
PSNR:  10.213811580857781
Evaluating the model...
Average Evaluation Loss:  tensor(0.0952)
PSNR:  10.213800364058061
Evaluating the model...
Average Evaluation Loss:  tensor(0.0952)
PSNR:  10.213788467483953
Evaluating the model...
Average Evaluation Loss:  tensor(0.0952)
PSNR:  10.213790506894343
Epoch 51...
Evaluating the model...
Average Evaluation Loss:  tensor(0.0952)
PSNR:  10.213800703960656
Evaluating the model...
Average Evaluation Loss:  tensor(0.0952)
PSNR:  10.213761615336471
Evaluating the model...
Average Evaluation Loss:  tensor(0.0952)
PSNR:  10.213762635035241
Evaluating the model...
Average Evaluation Loss:  tensor(0.0952)
PSNR:  10.213810901050913
Epoch 52...
Evaluating the model...
Average Evaluation Loss:  tensor(0.0952)
PSNR:  10.21377929014905
Evaluating the model...
Average Evaluation Loss:  tensor(0.0952)
PSNR:  10.213758556241597
[TRAIN] Step: 2300 Loss: 0.012963869608938694
Evaluating the model...
Average Evaluation Loss:  tensor(0.0952)
PSNR:  10.213770792634024
Evaluating the model...
Average Evaluation Loss:  tensor(0.0952)
PSNR:  10.213781329555129
Evaluating the model...
Average Evaluation Loss:  tensor(0.0952)
PSNR:  10.21379764483825
Epoch 53...
Evaluating the model...
Average Evaluation Loss:  tensor(0.0952)
PSNR:  10.21378030985197
Evaluating the model...
Average Evaluation Loss:  tensor(0.0952)
PSNR:  10.213787787680701
Evaluating the model...
Average Evaluation Loss:  tensor(0.0952)
PSNR:  10.213742581003372
Evaluating the model...
Average Evaluation Loss:  tensor(0.0952)
PSNR:  10.213764334533726
Epoch 54...
Evaluating the model...
Average Evaluation Loss:  tensor(0.0952)
PSNR:  10.213784728567392
Evaluating the model...
Average Evaluation Loss:  tensor(0.0952)
PSNR:  10.213793566011722
Evaluating the model...
Average Evaluation Loss:  tensor(0.0952)
PSNR:  10.213769433033164
[TRAIN] Step: 2400 Loss: 0.012095381505787373
Evaluating the model...
Average Evaluation Loss:  tensor(0.0952)
PSNR:  10.21378030985197
Epoch 55...
Evaluating the model...
Average Evaluation Loss:  tensor(0.0952)
PSNR:  10.21376977293334
Evaluating the model...
Average Evaluation Loss:  tensor(0.0952)
PSNR:  10.21379254630569
Evaluating the model...
Average Evaluation Loss:  tensor(0.0952)
PSNR:  10.21376569413299
Evaluating the model...
Average Evaluation Loss:  tensor(0.0952)
PSNR:  10.21376569413299
Evaluating the model...
Average Evaluation Loss:  tensor(0.0952)
PSNR:  10.213796625131257
Epoch 56...
Evaluating the model...
Average Evaluation Loss:  tensor(0.0952)
PSNR:  10.213783708863435
Evaluating the model...
Average Evaluation Loss:  tensor(0.0952)
PSNR:  10.213791526599895
Evaluating the model...
Average Evaluation Loss:  tensor(0.0952)
PSNR:  10.213787447779117
Evaluating the model...
Average Evaluation Loss:  tensor(0.0952)
PSNR:  10.213766713832717
[TRAIN] Step: 2500 Loss: 0.012909630313515663
Saved checkpoints at ./logs/test/002500_latest.tar
Epoch 57...
Evaluating the model...
Average Evaluation Loss:  tensor(0.0952)
PSNR:  10.213775891141045
Evaluating the model...
Average Evaluation Loss:  tensor(0.0952)
PSNR:  10.21377181233495
Saved checkpoints at ./logs/test/002520.tar
Evaluating the model...
Average Evaluation Loss:  tensor(0.0952)
PSNR:  10.213770792634024
Evaluating the model...
Average Evaluation Loss:  tensor(0.0952)
PSNR:  10.213783368962169
Evaluating the model...
Average Evaluation Loss:  tensor(0.0952)
PSNR:  10.213788467483953
Epoch 58...
Evaluating the model...
Average Evaluation Loss:  tensor(0.0952)
PSNR:  10.213807841921323
Evaluating the model...
Average Evaluation Loss:  tensor(0.0952)
PSNR:  10.213793566011722
Evaluating the model...
Average Evaluation Loss:  tensor(0.0952)
PSNR:  10.213788467483953
Evaluating the model...
Average Evaluation Loss:  tensor(0.0952)
PSNR:  10.213795605424508
Epoch 59...
Evaluating the model...
Average Evaluation Loss:  tensor(0.0952)
PSNR:  10.21380580250279
[TRAIN] Step: 2600 Loss: 0.012366637587547302
Evaluating the model...
Average Evaluation Loss:  tensor(0.0952)
PSNR:  10.213773511837022
Evaluating the model...
Average Evaluation Loss:  tensor(0.0952)
PSNR:  10.213787447779117
Evaluating the model...
Average Evaluation Loss:  tensor(0.0952)
PSNR:  10.213783708863435
